<?xml version="1.0" encoding="UTF-8"?>
<!-- Generated by org.testng.reporters.JUnitReportReporter -->
<testsuite skipped="0" hostname="DHARSHI" name="TestngFullpractice.TestngPassingparameterTest" tests="3" failures="0" timestamp="21 Nov 2022 13:04:14 GMT" time="0.035" errors="0">
  <testcase name="tc1" time="0.026" classname="TestngFullpractice.TestngPassingparameterTest"/>
  <testcase name="tc2" time="0.008" classname="TestngFullpractice.TestngPassingparameterTest"/>
  <testcase name="tc3" time="0.001" classname="TestngFullpractice.TestngPassingparameterTest"/>
</testsuite> <!-- TestngFullpractice.TestngPassingparameterTest -->
