<?xml version="1.0" encoding="UTF-8"?>
<!-- Generated by org.testng.reporters.JUnitReportReporter -->
<testsuite skipped="0" hostname="DHARSHI" name="Airindia.BaseClass" tests="1" failures="0" timestamp="24 Dec 2022 05:38:17 GMT" time="11.591" errors="0">
  <testcase name="login" time="11.591" classname="Airindia.BaseClass"/>
</testsuite> <!-- Airindia.BaseClass -->
