<?xml version="1.0" encoding="UTF-8"?>
<!-- Generated by org.testng.reporters.JUnitReportReporter -->
<testsuite skipped="0" hostname="DHARSHI" name="TestngFullpractice.TestngPassingparameter" tests="2" failures="0" timestamp="25 Dec 2022 12:21:12 GMT" time="17.662" errors="0">
  <testcase name="beforemethod" time="7.882" classname="TestngFullpractice.TestngPassingparameter"/>
  <testcase name="beforemethod" time="9.780" classname="TestngFullpractice.TestngPassingparameter"/>
</testsuite> <!-- TestngFullpractice.TestngPassingparameter -->
