<?xml version="1.0" encoding="UTF-8"?>
<!-- Generated by org.testng.reporters.JUnitReportReporter -->
<testsuite skipped="0" hostname="DHARSHI" name="TestngFullpractice.Grouptestng" tests="3" failures="0" timestamp="24 Dec 2022 05:31:20 GMT" time="0.061" errors="0">
  <testcase name="tc2" time="0.003" classname="TestngFullpractice.Grouptestng"/>
  <testcase name="tc1" time="0.056" classname="TestngFullpractice.Grouptestng"/>
  <testcase name="tc3" time="0.002" classname="TestngFullpractice.Grouptestng"/>
</testsuite> <!-- TestngFullpractice.Grouptestng -->
