<?xml version="1.0" encoding="UTF-8"?>
<!-- Generated by org.testng.reporters.JUnitReportReporter -->
<testsuite skipped="0" hostname="DHARSHI" name="TestngFullpractice.Grouptestng2" tests="3" failures="0" timestamp="22 Nov 2022 16:07:30 GMT" time="0.048" errors="0">
  <testcase name="tc2" time="0.016" classname="TestngFullpractice.Grouptestng2"/>
  <testcase name="tc3" time="0.016" classname="TestngFullpractice.Grouptestng2"/>
  <testcase name="tc100" time="0.016" classname="TestngFullpractice.Grouptestng2"/>
</testsuite> <!-- TestngFullpractice.Grouptestng2 -->
