<?xml version="1.0" encoding="UTF-8"?>
<!-- Generated by org.testng.reporters.JUnitReportReporter -->
<testsuite skipped="0" hostname="DHARSHI" name="Airindia.BaseClass2" tests="1" failures="0" timestamp="07 Jan 2023 06:24:59 GMT" time="9.467" errors="0">
  <testcase name="login" time="9.467" classname="Airindia.BaseClass2"/>
</testsuite> <!-- Airindia.BaseClass2 -->
