<?xml version="1.0" encoding="UTF-8"?>
<!-- Generated by org.testng.reporters.JUnitReportReporter -->
<testsuite skipped="0" hostname="DHARSHI" name="org.t.Parrallelexecution" tests="4" failures="0" timestamp="24 Dec 2022 05:22:02 GMT" time="0.030" errors="0">
  <testcase name="tc1" time="0.023" classname="org.t.Parrallelexecution"/>
  <testcase name="tc2" time="0.003" classname="org.t.Parrallelexecution"/>
  <testcase name="tc3" time="0.003" classname="org.t.Parrallelexecution"/>
  <testcase name="tc4" time="0.001" classname="org.t.Parrallelexecution"/>
</testsuite> <!-- org.t.Parrallelexecution -->
