<?xml version="1.0" encoding="UTF-8"?>
<!-- Generated by org.testng.reporters.JUnitReportReporter -->
<testsuite skipped="1" hostname="DHARSHI" name="org.t.Firstday1" tests="9" failures="0" timestamp="13 Nov 2022 09:34:40 GMT" time="0.064" errors="0">
  <testcase name="tc2" time="0.016" classname="org.t.Firstday1"/>
  <testcase name="tc3" time="0.000" classname="org.t.Firstday1"/>
  <testcase name="tc4" time="0.000" classname="org.t.Firstday1"/>
  <testcase name="tc1" time="0.000" classname="org.t.Firstday1"/>
  <testcase name="tc6" time="0.016" classname="org.t.Firstday1"/>
  <testcase name="tc6" time="0.032" classname="org.t.Firstday1"/>
  <testcase name="tc6" time="0.000" classname="org.t.Firstday1"/>
  <testcase name="tc6" time="0.000" classname="org.t.Firstday1"/>
  <testcase name="tc5" classname="org.t.Firstday1">
    <skipped/>
  </testcase> <!-- tc5 -->
</testsuite> <!-- org.t.Firstday1 -->
