<?xml version="1.0" encoding="UTF-8"?>
<!-- Generated by org.testng.reporters.JUnitReportReporter -->
<testsuite skipped="0" hostname="DHARSHI" name="TestngFullpractice.Grouptestng1" tests="3" failures="0" timestamp="22 Nov 2022 16:07:30 GMT" time="0.032" errors="0">
  <testcase name="tc20" time="0.016" classname="TestngFullpractice.Grouptestng1"/>
  <testcase name="tc3" time="0.000" classname="TestngFullpractice.Grouptestng1"/>
  <testcase name="tc10" time="0.016" classname="TestngFullpractice.Grouptestng1"/>
</testsuite> <!-- TestngFullpractice.Grouptestng1 -->
